[2018-07-27 14:40:57,316] {cli.py:374} INFO - Running on host pinns-mbp.air.org
[2018-07-27 14:40:57,343] {models.py:1197} INFO - Dependencies all met for <TaskInstance: write_csv.task_2 2018-07-27 18:40:32.851607 [queued]>
[2018-07-27 14:40:57,348] {models.py:1197} INFO - Dependencies all met for <TaskInstance: write_csv.task_2 2018-07-27 18:40:32.851607 [queued]>
[2018-07-27 14:40:57,349] {models.py:1407} INFO - 
--------------------------------------------------------------------------------
Starting attempt 1 of 1
--------------------------------------------------------------------------------

[2018-07-27 14:40:57,362] {models.py:1428} INFO - Executing <Task(BashOperator): task_2> on 2018-07-27 18:40:32.851607
[2018-07-27 14:40:57,362] {base_task_runner.py:115} INFO - Running: ['bash', '-c', 'airflow run write_csv task_2 2018-07-27T18:40:32.851607 --job_id 11 --raw -sd DAGS_FOLDER/af_test.py']
[2018-07-27 14:40:58,075] {base_task_runner.py:98} INFO - Subtask: [2018-07-27 14:40:58,075] {__init__.py:45} INFO - Using executor SequentialExecutor
[2018-07-27 14:40:58,145] {base_task_runner.py:98} INFO - Subtask: [2018-07-27 14:40:58,145] {models.py:189} INFO - Filling up the DagBag from /Users/pinnzhang/Documents/airflow_test/dags/af_test.py
[2018-07-27 14:40:58,220] {cli.py:374} INFO - Running on host pinns-mbp.air.org
[2018-07-27 14:40:58,240] {base_task_runner.py:98} INFO - Subtask: [2018-07-27 14:40:58,240] {bash_operator.py:70} INFO - Tmp dir root location: 
[2018-07-27 14:40:58,241] {base_task_runner.py:98} INFO - Subtask:  /var/folders/c7/gjth07cn7tgg_9q9d91qyk9h0000gn/T
[2018-07-27 14:40:58,241] {base_task_runner.py:98} INFO - Subtask: [2018-07-27 14:40:58,241] {bash_operator.py:80} INFO - Temporary script location: /var/folders/c7/gjth07cn7tgg_9q9d91qyk9h0000gn/T/airflowtmpa3hixpt5//var/folders/c7/gjth07cn7tgg_9q9d91qyk9h0000gn/T/airflowtmpa3hixpt5/task_2tsab5twx
[2018-07-27 14:40:58,242] {base_task_runner.py:98} INFO - Subtask: [2018-07-27 14:40:58,241] {bash_operator.py:88} INFO - Running command: python3 /Users/pinnzhang/Documents/airflow_test/tasks/test_2.py
[2018-07-27 14:40:58,247] {base_task_runner.py:98} INFO - Subtask: [2018-07-27 14:40:58,247] {bash_operator.py:97} INFO - Output:
[2018-07-27 14:40:59,033] {base_task_runner.py:98} INFO - Subtask: [2018-07-27 14:40:59,031] {bash_operator.py:105} INFO - Command exited with return code 0
[2018-07-27 14:40:59,047] {base_task_runner.py:98} INFO - Subtask: /Users/pinnzhang/anaconda3/lib/python3.6/site-packages/airflow/utils/helpers.py:351: DeprecationWarning: Importing BashOperator directly from <module 'airflow.operators' from '/Users/pinnzhang/anaconda3/lib/python3.6/site-packages/airflow/operators/__init__.py'> has been deprecated. Please import from '<module 'airflow.operators' from '/Users/pinnzhang/anaconda3/lib/python3.6/site-packages/airflow/operators/__init__.py'>.[operator_module]' instead. Support for direct imports will be dropped entirely in Airflow 2.0.
[2018-07-27 14:40:59,047] {base_task_runner.py:98} INFO - Subtask:   DeprecationWarning)
