[2018-08-02 15:34:17,563] {cli.py:374} INFO - Running on host pinns-mbp.air.org
[2018-08-02 15:34:17,588] {models.py:1197} INFO - Dependencies all met for <TaskInstance: write_csv.task_2 2018-08-02 19:34:06.707912 [queued]>
[2018-08-02 15:34:17,593] {models.py:1197} INFO - Dependencies all met for <TaskInstance: write_csv.task_2 2018-08-02 19:34:06.707912 [queued]>
[2018-08-02 15:34:17,594] {models.py:1407} INFO - 
--------------------------------------------------------------------------------
Starting attempt 1 of 1
--------------------------------------------------------------------------------

[2018-08-02 15:34:17,604] {models.py:1428} INFO - Executing <Task(BashOperator): task_2> on 2018-08-02 19:34:06.707912
[2018-08-02 15:34:17,604] {base_task_runner.py:115} INFO - Running: ['bash', '-c', 'airflow run write_csv task_2 2018-08-02T19:34:06.707912 --job_id 16 --raw -sd DAGS_FOLDER/csv_writer.py']
[2018-08-02 15:34:18,142] {base_task_runner.py:98} INFO - Subtask: [2018-08-02 15:34:18,141] {__init__.py:45} INFO - Using executor SequentialExecutor
[2018-08-02 15:34:18,210] {base_task_runner.py:98} INFO - Subtask: [2018-08-02 15:34:18,210] {models.py:189} INFO - Filling up the DagBag from /Users/pinnzhang/Documents/airflow_tutorial/dags/csv_writer.py
[2018-08-02 15:34:18,278] {cli.py:374} INFO - Running on host pinns-mbp.air.org
[2018-08-02 15:34:18,290] {base_task_runner.py:98} INFO - Subtask: [2018-08-02 15:34:18,290] {bash_operator.py:70} INFO - Tmp dir root location: 
[2018-08-02 15:34:18,291] {base_task_runner.py:98} INFO - Subtask:  /var/folders/c7/gjth07cn7tgg_9q9d91qyk9h0000gn/T
[2018-08-02 15:34:18,291] {base_task_runner.py:98} INFO - Subtask: [2018-08-02 15:34:18,291] {bash_operator.py:80} INFO - Temporary script location: /var/folders/c7/gjth07cn7tgg_9q9d91qyk9h0000gn/T/airflowtmpyrq462q7//var/folders/c7/gjth07cn7tgg_9q9d91qyk9h0000gn/T/airflowtmpyrq462q7/task_23j711_6e
[2018-08-02 15:34:18,291] {base_task_runner.py:98} INFO - Subtask: [2018-08-02 15:34:18,291] {bash_operator.py:88} INFO - Running command: python3 /Users/pinnzhang/Documents/airflow_tutorial/tasks/test_2.py
[2018-08-02 15:34:18,297] {base_task_runner.py:98} INFO - Subtask: [2018-08-02 15:34:18,296] {bash_operator.py:97} INFO - Output:
[2018-08-02 15:34:19,058] {base_task_runner.py:98} INFO - Subtask: [2018-08-02 15:34:19,056] {bash_operator.py:105} INFO - Command exited with return code 0
[2018-08-02 15:34:19,070] {base_task_runner.py:98} INFO - Subtask: /Users/pinnzhang/anaconda3/lib/python3.6/site-packages/airflow/utils/helpers.py:351: DeprecationWarning: Importing BashOperator directly from <module 'airflow.operators' from '/Users/pinnzhang/anaconda3/lib/python3.6/site-packages/airflow/operators/__init__.py'> has been deprecated. Please import from '<module 'airflow.operators' from '/Users/pinnzhang/anaconda3/lib/python3.6/site-packages/airflow/operators/__init__.py'>.[operator_module]' instead. Support for direct imports will be dropped entirely in Airflow 2.0.
[2018-08-02 15:34:19,070] {base_task_runner.py:98} INFO - Subtask:   DeprecationWarning)
