[2018-07-27 14:40:19,931] {cli.py:374} INFO - Running on host pinns-mbp.air.org
[2018-07-27 14:40:19,945] {models.py:1197} INFO - Dependencies all met for <TaskInstance: write_csv.task_1 2018-07-27 17:08:00 [queued]>
[2018-07-27 14:40:19,947] {models.py:1197} INFO - Dependencies all met for <TaskInstance: write_csv.task_1 2018-07-27 17:08:00 [queued]>
[2018-07-27 14:40:19,947] {models.py:1407} INFO - 
--------------------------------------------------------------------------------
Starting attempt 1 of 1
--------------------------------------------------------------------------------

[2018-07-27 14:40:19,952] {models.py:1428} INFO - Executing <Task(BashOperator): task_1> on 2018-07-27 17:08:00
[2018-07-27 14:40:19,953] {base_task_runner.py:115} INFO - Running: ['bash', '-c', 'airflow run write_csv task_1 2018-07-27T17:08:00 --job_id 6 --raw -sd DAGS_FOLDER/af_test.py']
[2018-07-27 14:40:20,537] {base_task_runner.py:98} INFO - Subtask: [2018-07-27 14:40:20,537] {__init__.py:45} INFO - Using executor SequentialExecutor
[2018-07-27 14:40:20,606] {base_task_runner.py:98} INFO - Subtask: [2018-07-27 14:40:20,606] {models.py:189} INFO - Filling up the DagBag from /Users/pinnzhang/Documents/airflow_test/dags/af_test.py
[2018-07-27 14:40:20,670] {cli.py:374} INFO - Running on host pinns-mbp.air.org
[2018-07-27 14:40:20,684] {base_task_runner.py:98} INFO - Subtask: [2018-07-27 14:40:20,684] {bash_operator.py:70} INFO - Tmp dir root location: 
[2018-07-27 14:40:20,684] {base_task_runner.py:98} INFO - Subtask:  /var/folders/c7/gjth07cn7tgg_9q9d91qyk9h0000gn/T
[2018-07-27 14:40:20,685] {base_task_runner.py:98} INFO - Subtask: [2018-07-27 14:40:20,685] {bash_operator.py:80} INFO - Temporary script location: /var/folders/c7/gjth07cn7tgg_9q9d91qyk9h0000gn/T/airflowtmp73jt_xmd//var/folders/c7/gjth07cn7tgg_9q9d91qyk9h0000gn/T/airflowtmp73jt_xmd/task_1p7s_2wqj
[2018-07-27 14:40:20,685] {base_task_runner.py:98} INFO - Subtask: [2018-07-27 14:40:20,685] {bash_operator.py:88} INFO - Running command: python3 /Users/pinnzhang/Documents/airflow_test/tasks/test_1.py
[2018-07-27 14:40:20,690] {base_task_runner.py:98} INFO - Subtask: [2018-07-27 14:40:20,689] {bash_operator.py:97} INFO - Output:
[2018-07-27 14:40:21,654] {base_task_runner.py:98} INFO - Subtask: [2018-07-27 14:40:21,653] {bash_operator.py:105} INFO - Command exited with return code 0
[2018-07-27 14:40:21,667] {base_task_runner.py:98} INFO - Subtask: /Users/pinnzhang/anaconda3/lib/python3.6/site-packages/airflow/utils/helpers.py:351: DeprecationWarning: Importing BashOperator directly from <module 'airflow.operators' from '/Users/pinnzhang/anaconda3/lib/python3.6/site-packages/airflow/operators/__init__.py'> has been deprecated. Please import from '<module 'airflow.operators' from '/Users/pinnzhang/anaconda3/lib/python3.6/site-packages/airflow/operators/__init__.py'>.[operator_module]' instead. Support for direct imports will be dropped entirely in Airflow 2.0.
[2018-07-27 14:40:21,668] {base_task_runner.py:98} INFO - Subtask:   DeprecationWarning)
