[2018-07-27 15:08:45,106] {cli.py:374} INFO - Running on host pinns-mbp.air.org
[2018-07-27 15:08:45,128] {models.py:1197} INFO - Dependencies all met for <TaskInstance: write_csv.task_2 2018-07-27 18:08:00 [queued]>
[2018-07-27 15:08:45,139] {models.py:1197} INFO - Dependencies all met for <TaskInstance: write_csv.task_2 2018-07-27 18:08:00 [queued]>
[2018-07-27 15:08:45,150] {models.py:1407} INFO - 
--------------------------------------------------------------------------------
Starting attempt 1 of 1
--------------------------------------------------------------------------------

[2018-07-27 15:08:45,158] {models.py:1428} INFO - Executing <Task(BashOperator): task_2> on 2018-07-27 18:08:00
[2018-07-27 15:08:45,159] {base_task_runner.py:115} INFO - Running: ['bash', '-c', 'airflow run write_csv task_2 2018-07-27T18:08:00 --job_id 18 --raw -sd DAGS_FOLDER/af_test.py']
[2018-07-27 15:08:45,755] {base_task_runner.py:98} INFO - Subtask: [2018-07-27 15:08:45,755] {__init__.py:45} INFO - Using executor SequentialExecutor
[2018-07-27 15:08:45,821] {base_task_runner.py:98} INFO - Subtask: [2018-07-27 15:08:45,821] {models.py:189} INFO - Filling up the DagBag from /Users/pinnzhang/Documents/airflow_test/dags/af_test.py
[2018-07-27 15:08:45,881] {cli.py:374} INFO - Running on host pinns-mbp.air.org
[2018-07-27 15:08:45,896] {base_task_runner.py:98} INFO - Subtask: [2018-07-27 15:08:45,896] {bash_operator.py:70} INFO - Tmp dir root location: 
[2018-07-27 15:08:45,896] {base_task_runner.py:98} INFO - Subtask:  /var/folders/c7/gjth07cn7tgg_9q9d91qyk9h0000gn/T
[2018-07-27 15:08:45,897] {base_task_runner.py:98} INFO - Subtask: [2018-07-27 15:08:45,897] {bash_operator.py:80} INFO - Temporary script location: /var/folders/c7/gjth07cn7tgg_9q9d91qyk9h0000gn/T/airflowtmp_5p16llt//var/folders/c7/gjth07cn7tgg_9q9d91qyk9h0000gn/T/airflowtmp_5p16llt/task_2sb1_yipk
[2018-07-27 15:08:45,897] {base_task_runner.py:98} INFO - Subtask: [2018-07-27 15:08:45,897] {bash_operator.py:88} INFO - Running command: python3 /Users/pinnzhang/Documents/airflow_test/tasks/test_2.py
[2018-07-27 15:08:45,903] {base_task_runner.py:98} INFO - Subtask: [2018-07-27 15:08:45,903] {bash_operator.py:97} INFO - Output:
[2018-07-27 15:08:46,594] {base_task_runner.py:98} INFO - Subtask: [2018-07-27 15:08:46,592] {bash_operator.py:105} INFO - Command exited with return code 0
[2018-07-27 15:08:46,614] {base_task_runner.py:98} INFO - Subtask: /Users/pinnzhang/anaconda3/lib/python3.6/site-packages/airflow/utils/helpers.py:351: DeprecationWarning: Importing BashOperator directly from <module 'airflow.operators' from '/Users/pinnzhang/anaconda3/lib/python3.6/site-packages/airflow/operators/__init__.py'> has been deprecated. Please import from '<module 'airflow.operators' from '/Users/pinnzhang/anaconda3/lib/python3.6/site-packages/airflow/operators/__init__.py'>.[operator_module]' instead. Support for direct imports will be dropped entirely in Airflow 2.0.
[2018-07-27 15:08:46,614] {base_task_runner.py:98} INFO - Subtask:   DeprecationWarning)
