[2018-07-27 15:08:53,750] {cli.py:374} INFO - Running on host pinns-mbp.air.org
[2018-07-27 15:08:53,775] {models.py:1197} INFO - Dependencies all met for <TaskInstance: write_csv.task_3 2018-07-27 18:08:00 [queued]>
[2018-07-27 15:08:53,778] {models.py:1197} INFO - Dependencies all met for <TaskInstance: write_csv.task_3 2018-07-27 18:08:00 [queued]>
[2018-07-27 15:08:53,778] {models.py:1407} INFO - 
--------------------------------------------------------------------------------
Starting attempt 1 of 1
--------------------------------------------------------------------------------

[2018-07-27 15:08:53,784] {models.py:1428} INFO - Executing <Task(BashOperator): task_3> on 2018-07-27 18:08:00
[2018-07-27 15:08:53,784] {base_task_runner.py:115} INFO - Running: ['bash', '-c', 'airflow run write_csv task_3 2018-07-27T18:08:00 --job_id 19 --raw -sd DAGS_FOLDER/af_test.py']
[2018-07-27 15:08:54,346] {base_task_runner.py:98} INFO - Subtask: [2018-07-27 15:08:54,345] {__init__.py:45} INFO - Using executor SequentialExecutor
[2018-07-27 15:08:54,431] {base_task_runner.py:98} INFO - Subtask: [2018-07-27 15:08:54,431] {models.py:189} INFO - Filling up the DagBag from /Users/pinnzhang/Documents/airflow_test/dags/af_test.py
[2018-07-27 15:08:54,510] {cli.py:374} INFO - Running on host pinns-mbp.air.org
[2018-07-27 15:08:54,529] {base_task_runner.py:98} INFO - Subtask: [2018-07-27 15:08:54,529] {bash_operator.py:70} INFO - Tmp dir root location: 
[2018-07-27 15:08:54,530] {base_task_runner.py:98} INFO - Subtask:  /var/folders/c7/gjth07cn7tgg_9q9d91qyk9h0000gn/T
[2018-07-27 15:08:54,530] {base_task_runner.py:98} INFO - Subtask: [2018-07-27 15:08:54,530] {bash_operator.py:80} INFO - Temporary script location: /var/folders/c7/gjth07cn7tgg_9q9d91qyk9h0000gn/T/airflowtmpn3g1yh0w//var/folders/c7/gjth07cn7tgg_9q9d91qyk9h0000gn/T/airflowtmpn3g1yh0w/task_3ft6rqsoq
[2018-07-27 15:08:54,531] {base_task_runner.py:98} INFO - Subtask: [2018-07-27 15:08:54,530] {bash_operator.py:88} INFO - Running command: python3 /Users/pinnzhang/Documents/airflow_test/tasks/test_3.py
[2018-07-27 15:08:54,536] {base_task_runner.py:98} INFO - Subtask: [2018-07-27 15:08:54,535] {bash_operator.py:97} INFO - Output:
[2018-07-27 15:08:55,216] {base_task_runner.py:98} INFO - Subtask: [2018-07-27 15:08:55,215] {bash_operator.py:105} INFO - Command exited with return code 0
[2018-07-27 15:08:55,231] {base_task_runner.py:98} INFO - Subtask: /Users/pinnzhang/anaconda3/lib/python3.6/site-packages/airflow/utils/helpers.py:351: DeprecationWarning: Importing BashOperator directly from <module 'airflow.operators' from '/Users/pinnzhang/anaconda3/lib/python3.6/site-packages/airflow/operators/__init__.py'> has been deprecated. Please import from '<module 'airflow.operators' from '/Users/pinnzhang/anaconda3/lib/python3.6/site-packages/airflow/operators/__init__.py'>.[operator_module]' instead. Support for direct imports will be dropped entirely in Airflow 2.0.
[2018-07-27 15:08:55,231] {base_task_runner.py:98} INFO - Subtask:   DeprecationWarning)
