[2018-07-27 14:59:07,931] {cli.py:374} INFO - Running on host pinns-mbp.air.org
[2018-07-27 14:59:07,951] {models.py:1197} INFO - Dependencies all met for <TaskInstance: write_csv.task_2 2018-07-27 18:58:55.116105 [queued]>
[2018-07-27 14:59:07,956] {models.py:1197} INFO - Dependencies all met for <TaskInstance: write_csv.task_2 2018-07-27 18:58:55.116105 [queued]>
[2018-07-27 14:59:07,956] {models.py:1407} INFO - 
--------------------------------------------------------------------------------
Starting attempt 1 of 1
--------------------------------------------------------------------------------

[2018-07-27 14:59:07,964] {models.py:1428} INFO - Executing <Task(BashOperator): task_2> on 2018-07-27 18:58:55.116105
[2018-07-27 14:59:07,964] {base_task_runner.py:115} INFO - Running: ['bash', '-c', 'airflow run write_csv task_2 2018-07-27T18:58:55.116105 --job_id 14 --raw -sd DAGS_FOLDER/af_test.py']
[2018-07-27 14:59:08,471] {base_task_runner.py:98} INFO - Subtask: [2018-07-27 14:59:08,471] {__init__.py:45} INFO - Using executor SequentialExecutor
[2018-07-27 14:59:08,551] {base_task_runner.py:98} INFO - Subtask: [2018-07-27 14:59:08,551] {models.py:189} INFO - Filling up the DagBag from /Users/pinnzhang/Documents/airflow_test/dags/af_test.py
[2018-07-27 14:59:08,635] {cli.py:374} INFO - Running on host pinns-mbp.air.org
[2018-07-27 14:59:08,649] {base_task_runner.py:98} INFO - Subtask: [2018-07-27 14:59:08,649] {bash_operator.py:70} INFO - Tmp dir root location: 
[2018-07-27 14:59:08,649] {base_task_runner.py:98} INFO - Subtask:  /var/folders/c7/gjth07cn7tgg_9q9d91qyk9h0000gn/T
[2018-07-27 14:59:08,651] {base_task_runner.py:98} INFO - Subtask: [2018-07-27 14:59:08,651] {bash_operator.py:80} INFO - Temporary script location: /var/folders/c7/gjth07cn7tgg_9q9d91qyk9h0000gn/T/airflowtmpoeq1ek7h//var/folders/c7/gjth07cn7tgg_9q9d91qyk9h0000gn/T/airflowtmpoeq1ek7h/task_2ol2hbi1t
[2018-07-27 14:59:08,652] {base_task_runner.py:98} INFO - Subtask: [2018-07-27 14:59:08,652] {bash_operator.py:88} INFO - Running command: python3 /Users/pinnzhang/Documents/airflow_test/tasks/test_2.py
[2018-07-27 14:59:08,657] {base_task_runner.py:98} INFO - Subtask: [2018-07-27 14:59:08,657] {bash_operator.py:97} INFO - Output:
[2018-07-27 14:59:09,356] {base_task_runner.py:98} INFO - Subtask: [2018-07-27 14:59:09,355] {bash_operator.py:105} INFO - Command exited with return code 0
[2018-07-27 14:59:09,371] {base_task_runner.py:98} INFO - Subtask: /Users/pinnzhang/anaconda3/lib/python3.6/site-packages/airflow/utils/helpers.py:351: DeprecationWarning: Importing BashOperator directly from <module 'airflow.operators' from '/Users/pinnzhang/anaconda3/lib/python3.6/site-packages/airflow/operators/__init__.py'> has been deprecated. Please import from '<module 'airflow.operators' from '/Users/pinnzhang/anaconda3/lib/python3.6/site-packages/airflow/operators/__init__.py'>.[operator_module]' instead. Support for direct imports will be dropped entirely in Airflow 2.0.
[2018-07-27 14:59:09,371] {base_task_runner.py:98} INFO - Subtask:   DeprecationWarning)
